TN:
SF:resources/js/App.vue
FNF:0
FNH:0
DA:7,3
DA:8,2
LF:2
LH:2
BRF:0
BRH:0
end_of_record
TN:
SF:resources/js/app.ts
FN:15,createApplication
FNF:1
FNH:1
FNDA:2,createApplication
DA:16,2
DA:18,2
DA:19,2
DA:20,2
DA:21,2
DA:31,2
DA:32,2
DA:33,2
DA:34,2
DA:35,2
DA:36,2
DA:38,2
DA:41,1
DA:42,1
LF:14
LH:14
BRF:0
BRH:0
end_of_record
TN:
SF:resources/js/components/LanguageSwitcher.vue
FN:13,select
FN:27,(anonymous_1)
FN:36,(anonymous_2)
FNF:3
FNH:1
FNDA:0,select
FNDA:6,(anonymous_1)
FNDA:0,(anonymous_2)
DA:5,3
DA:6,3
DA:8,3
DA:14,0
DA:15,0
DA:16,0
DA:21,3
DA:26,6
DA:36,0
LF:9
LH:5
BRDA:24,0,0,0
BRDA:24,0,1,3
BRDA:31,1,0,3
BRDA:31,1,1,3
BRDA:33,2,0,3
BRDA:33,2,1,3
BRF:6
BRH:5
end_of_record
TN:
SF:resources/js/components/TotpVerifyDialog.vue
FN:18,handleSubmit
FN:37,onHide
FN:79,(anonymous_2)
FN:98,(anonymous_3)
FN:106,(anonymous_4)
FNF:5
FNH:5
FNDA:2,handleSubmit
FNDA:1,onHide
FNDA:2,(anonymous_2)
FNDA:5,(anonymous_3)
FNDA:9,(anonymous_4)
DA:6,5
DA:8,5
DA:13,5
DA:14,5
DA:15,5
DA:16,5
DA:19,2
DA:20,2
DA:22,2
DA:23,2
DA:27,2
DA:28,2
DA:30,0
DA:31,0
DA:33,2
DA:38,1
DA:44,11
DA:51,1
DA:52,1
DA:53,1
DA:65,1
DA:79,2
DA:91,1
DA:98,5
DA:106,9
LF:25
LH:23
BRDA:31,0,0,0
BRDA:31,0,1,0
BRDA:31,0,2,0
BRDA:44,1,0,9
BRDA:59,2,0,9
BRDA:59,2,1,5
BRDA:70,3,0,0
BRDA:70,3,1,9
BRDA:79,4,0,9
BRDA:79,4,1,5
BRDA:103,5,0,9
BRDA:103,5,1,7
BRF:12
BRH:8
end_of_record
TN:
SF:resources/js/i18n/en.ts
FNF:0
FNH:0
LF:0
LH:0
BRF:0
BRH:0
end_of_record
TN:
SF:resources/js/i18n/es.ts
FNF:0
FNH:0
LF:0
LH:0
BRF:0
BRH:0
end_of_record
TN:
SF:resources/js/i18n/index.ts
FN:8,detectLocale
FN:35,setLocale
FN:41,currentLocale
FNF:3
FNH:1
FNDA:1,detectLocale
FNDA:0,setLocale
FNDA:0,currentLocale
DA:6,1
DA:9,1
DA:12,1
DA:16,1
DA:17,0
DA:20,1
DA:23,1
DA:25,1
DA:36,0
DA:37,0
DA:38,0
DA:42,0
LF:12
LH:7
BRDA:9,0,0,0
BRDA:9,0,1,1
BRDA:12,1,0,1
BRDA:12,1,1,0
BRDA:12,2,0,1
BRDA:12,2,1,1
BRDA:16,3,0,0
BRDA:16,3,1,1
BRF:8
BRH:5
end_of_record
TN:
SF:resources/js/pages/DashboardPage.vue
FN:10,handleLogout
FNF:1
FNH:1
FNDA:1,handleLogout
DA:6,4
DA:7,4
DA:8,4
DA:11,1
DA:12,1
DA:17,8
DA:18,3
DA:19,3
DA:20,3
DA:21,3
DA:22,3
DA:33,3
DA:34,3
DA:35,3
DA:38,3
DA:41,3
LF:16
LH:16
BRF:0
BRH:0
end_of_record
TN:
SF:resources/js/pages/HomePage.vue
FN:27,(anonymous_0)
FN:33,(anonymous_1)
FN:42,(anonymous_2)
FNF:3
FNH:3
FNDA:2,(anonymous_0)
FNDA:2,(anonymous_1)
FNDA:1,(anonymous_2)
DA:5,3
DA:6,3
DA:10,3
DA:11,3
DA:12,3
DA:15,3
DA:27,2
DA:33,2
DA:42,1
LF:9
LH:9
BRDA:20,0,0,2
BRDA:20,0,1,1
BRF:2
BRH:2
end_of_record
TN:
SF:resources/js/pages/auth/ConfirmEmailPage.vue
FN:18,(anonymous_0)
FN:29,handleSubmit
FN:41,(anonymous_2)
FN:66,(anonymous_3)
FN:113,(anonymous_4)
FN:108,(anonymous_5)
FNF:6
FNH:5
FNDA:4,(anonymous_0)
FNDA:2,handleSubmit
FNDA:0,(anonymous_2)
FNDA:2,(anonymous_3)
FNDA:6,(anonymous_4)
FNDA:2,(anonymous_5)
DA:7,4
DA:8,4
DA:9,4
DA:11,4
DA:12,4
DA:13,4
DA:14,4
DA:15,4
DA:16,4
DA:18,4
DA:19,4
DA:20,4
DA:23,3
DA:25,1
DA:30,2
DA:31,2
DA:33,2
DA:34,2
DA:38,1
DA:39,1
DA:41,1
DA:42,0
DA:48,1
DA:49,1
DA:51,2
DA:57,9
DA:60,1
DA:66,2
DA:77,1
DA:80,1
DA:89,1
DA:93,1
DA:108,2
DA:113,6
DA:114,1
LF:35
LH:34
BRDA:23,0,0,3
BRDA:23,0,1,3
BRDA:49,1,0,1
BRDA:49,1,1,0
BRDA:49,1,2,0
BRDA:58,2,0,2
BRDA:58,2,1,7
BRDA:58,3,0,9
BRDA:58,3,1,2
BRDA:70,4,0,1
BRDA:70,4,1,6
BRDA:72,5,0,1
BRDA:72,5,1,1
BRDA:98,6,0,0
BRDA:98,6,1,6
BRDA:108,7,0,6
BRDA:108,7,1,4
BRDA:121,8,0,2
BRDA:121,8,1,4
BRF:19
BRH:16
end_of_record
TN:
SF:resources/js/pages/auth/LoginPage.vue
FN:16,handleSubmit
FN:74,(anonymous_1)
FN:71,(anonymous_2)
FN:86,(anonymous_3)
FN:81,(anonymous_4)
FN:102,(anonymous_5)
FNF:6
FNH:6
FNDA:3,handleSubmit
FNDA:8,(anonymous_1)
FNDA:3,(anonymous_2)
FNDA:8,(anonymous_3)
FNDA:3,(anonymous_4)
FNDA:5,(anonymous_5)
DA:7,5
DA:8,5
DA:9,5
DA:11,5
DA:12,5
DA:13,5
DA:14,5
DA:17,3
DA:18,3
DA:20,3
DA:21,3
DA:23,2
DA:25,1
DA:29,1
DA:33,1
DA:36,1
DA:41,1
DA:42,1
DA:45,1
DA:47,3
DA:53,11
DA:58,2
DA:71,3
DA:74,8
DA:75,2
DA:81,3
DA:86,8
DA:87,2
DA:97,2
DA:102,5
LF:30
LH:30
BRDA:23,0,0,1
BRDA:23,0,1,1
BRDA:25,1,0,1
BRDA:25,1,1,0
BRDA:42,2,0,1
BRDA:42,2,1,0
BRDA:44,3,0,0
BRDA:44,3,1,0
BRDA:61,4,0,1
BRDA:61,4,1,10
BRDA:71,5,0,8
BRDA:71,5,1,5
BRDA:81,6,0,8
BRDA:81,6,1,5
BRDA:94,7,0,3
BRDA:94,7,1,8
BRF:16
BRH:12
end_of_record
TN:
SF:resources/js/pages/auth/RegisterPage.vue
FN:18,handleSubmit
FN:64,(anonymous_1)
FN:61,(anonymous_2)
FN:74,(anonymous_3)
FN:71,(anonymous_4)
FN:86,(anonymous_5)
FN:81,(anonymous_6)
FN:98,(anonymous_7)
FN:93,(anonymous_8)
FN:114,(anonymous_9)
FNF:10
FNH:10
FNDA:2,handleSubmit
FNDA:6,(anonymous_1)
FNDA:2,(anonymous_2)
FNDA:6,(anonymous_3)
FNDA:2,(anonymous_4)
FNDA:6,(anonymous_5)
FNDA:2,(anonymous_6)
FNDA:6,(anonymous_7)
FNDA:2,(anonymous_8)
FNDA:4,(anonymous_9)
DA:7,4
DA:8,4
DA:9,4
DA:11,4
DA:12,4
DA:13,4
DA:14,4
DA:15,4
DA:16,4
DA:19,2
DA:20,2
DA:22,2
DA:23,2
DA:29,1
DA:31,1
DA:32,1
DA:35,1
DA:37,2
DA:43,8
DA:48,1
DA:61,2
DA:64,6
DA:65,1
DA:71,2
DA:74,6
DA:75,1
DA:81,2
DA:86,6
DA:87,1
DA:93,2
DA:98,6
DA:99,1
DA:109,1
DA:114,4
LF:34
LH:34
BRDA:32,0,0,1
BRDA:32,0,1,0
BRDA:34,1,0,0
BRDA:34,1,1,0
BRDA:51,2,0,1
BRDA:51,2,1,7
BRDA:61,3,0,6
BRDA:61,3,1,4
BRDA:71,4,0,6
BRDA:71,4,1,4
BRDA:81,5,0,6
BRDA:81,5,1,4
BRDA:93,6,0,6
BRDA:93,6,1,4
BRDA:106,7,0,2
BRDA:106,7,1,6
BRF:16
BRH:13
end_of_record
TN:
SF:resources/js/pages/auth/TotpSetupPage.vue
FN:22,randomBase32
FN:43,generateQR
FN:48,(anonymous_2)
FN:115,confirmSetup
FN:136,(anonymous_4)
FN:188,(anonymous_5)
FNF:6
FNH:0
FNDA:0,randomBase32
FNDA:0,generateQR
FNDA:0,(anonymous_2)
FNDA:0,confirmSetup
FNDA:0,(anonymous_4)
FNDA:0,(anonymous_5)
DA:7,0
DA:8,0
DA:10,0
DA:11,0
DA:12,0
DA:13,0
DA:14,0
DA:15,0
DA:16,0
DA:17,0
DA:19,0
DA:20,0
DA:23,0
DA:24,0
DA:25,0
DA:26,0
DA:27,0
DA:28,0
DA:29,0
DA:30,0
DA:31,0
DA:32,0
DA:33,0
DA:34,0
DA:37,0
DA:38,0
DA:40,0
DA:44,0
DA:45,0
DA:48,0
DA:49,0
DA:50,0
DA:51,0
DA:54,0
DA:55,0
DA:56,0
DA:57,0
DA:60,0
DA:61,0
DA:62,0
DA:67,0
DA:68,0
DA:69,0
DA:71,0
DA:72,0
DA:74,0
DA:75,0
DA:82,0
DA:84,0
DA:85,0
DA:86,0
DA:91,0
DA:93,0
DA:97,0
DA:98,0
DA:100,0
DA:102,0
DA:104,0
DA:106,0
DA:107,0
DA:108,0
DA:109,0
DA:111,0
DA:116,0
DA:117,0
DA:119,0
DA:120,0
DA:123,0
DA:132,0
DA:133,0
DA:135,0
DA:136,0
DA:138,0
DA:139,0
DA:141,0
DA:147,0
DA:150,0
DA:170,0
DA:171,0
DA:188,0
LF:80
LH:0
BRDA:10,0,0,0
BRDA:10,0,1,0
BRDA:11,1,0,0
BRDA:11,1,1,0
BRDA:37,2,0,0
BRDA:37,2,1,0
BRDA:49,3,0,0
BRDA:49,3,1,0
BRDA:54,4,0,0
BRDA:54,4,1,0
BRDA:97,5,0,0
BRDA:97,5,1,0
BRDA:107,6,0,0
BRDA:107,6,1,0
BRDA:107,6,2,0
BRDA:139,7,0,0
BRDA:139,7,1,0
BRDA:139,7,2,0
BRDA:148,8,0,0
BRDA:148,8,1,0
BRDA:148,9,0,0
BRDA:148,9,1,0
BRDA:154,10,0,0
BRDA:154,10,1,0
BRDA:156,11,0,0
BRDA:156,11,1,0
BRDA:158,12,0,0
BRDA:158,12,1,0
BRDA:164,13,0,0
BRDA:175,14,0,0
BRDA:175,14,1,0
BRDA:197,15,0,0
BRDA:197,15,1,0
BRDA:188,16,0,0
BRDA:188,16,1,0
BRDA:200,17,0,0
BRDA:200,17,1,0
BRDA:204,18,0,0
BRDA:204,18,1,0
BRDA:209,19,0,0
BRDA:209,19,1,0
BRDA:220,20,0,0
BRDA:220,20,1,0
BRF:43
BRH:0
end_of_record
TN:
SF:resources/js/pages/auth/TotpVerifyPage.vue
FN:17,handleSubmit
FN:61,(anonymous_1)
FNF:2
FNH:2
FNDA:2,handleSubmit
FNDA:12,(anonymous_1)
DA:7,4
DA:8,4
DA:9,4
DA:10,4
DA:12,4
DA:13,4
DA:14,4
DA:15,4
DA:18,2
DA:19,2
DA:21,2
DA:22,2
DA:23,1
DA:25,1
DA:26,1
DA:28,2
DA:34,20
DA:39,1
DA:45,1
DA:46,1
DA:59,1
DA:61,12
LF:22
LH:22
BRDA:12,0,0,4
BRDA:12,0,1,0
BRDA:26,1,0,1
BRDA:26,1,1,0
BRDA:26,1,2,0
BRDA:40,2,0,20
BRDA:40,2,1,4
BRDA:52,3,0,1
BRDA:52,3,1,19
BRDA:61,4,0,20
BRDA:61,4,1,4
BRDA:71,5,0,20
BRDA:71,5,1,18
BRDA:73,6,0,2
BRDA:73,6,1,18
BRF:15
BRH:12
end_of_record
TN:
SF:resources/js/pages/auth/VerifyEmailPage.vue
FN:18,(anonymous_0)
FN:24,resendEmail
FN:92,(anonymous_2)
FNF:3
FNH:3
FNDA:4,(anonymous_0)
FNDA:2,resendEmail
FNDA:4,(anonymous_2)
DA:8,4
DA:9,4
DA:10,4
DA:11,4
DA:13,4
DA:14,4
DA:15,4
DA:16,4
DA:18,4
DA:19,4
DA:20,0
DA:25,2
DA:27,2
DA:28,2
DA:29,2
DA:31,2
DA:32,2
DA:36,1
DA:38,1
DA:39,1
DA:41,2
DA:47,8
DA:48,1
DA:55,1
DA:59,1
DA:61,1
DA:87,1
DA:92,4
LF:28
LH:27
BRDA:13,0,0,4
BRDA:13,0,1,2
BRDA:19,1,0,0
BRDA:19,1,1,4
BRDA:19,2,0,4
BRDA:19,2,1,0
BRDA:25,3,0,0
BRDA:25,3,1,2
BRDA:36,4,0,1
BRDA:36,4,1,0
BRDA:39,5,0,1
BRDA:39,5,1,0
BRDA:39,5,2,0
BRDA:49,6,0,8
BRDA:49,6,1,4
BRDA:66,7,0,1
BRDA:66,7,1,7
BRDA:73,8,0,1
BRDA:73,8,1,7
BRDA:84,9,0,2
BRDA:84,9,1,6
BRF:21
BRH:15
end_of_record
TN:
SF:resources/js/router/index.ts
FN:23,(anonymous_0)
FN:28,(anonymous_1)
FN:34,(anonymous_2)
FN:39,(anonymous_3)
FN:44,(anonymous_4)
FN:49,(anonymous_5)
FN:54,(anonymous_6)
FNF:7
FNH:2
FNDA:0,(anonymous_0)
FNDA:1,(anonymous_1)
FNDA:0,(anonymous_2)
FNDA:0,(anonymous_3)
FNDA:0,(anonymous_4)
FNDA:0,(anonymous_5)
FNDA:4,(anonymous_6)
DA:6,2
DA:23,0
DA:28,1
DA:34,0
DA:39,0
DA:44,0
DA:49,0
DA:54,2
DA:55,4
DA:57,4
DA:58,1
DA:61,3
DA:62,0
LF:13
LH:7
BRDA:57,0,0,1
BRDA:57,0,1,3
BRDA:57,1,0,4
BRDA:57,1,1,1
BRDA:61,2,0,0
BRDA:61,2,1,3
BRDA:61,3,0,3
BRDA:61,3,1,1
BRF:8
BRH:7
end_of_record
TN:
SF:resources/js/services/api.ts
FN:11,getLocale
FN:27,request
FN:72,get
FN:76,post
FN:80,put
FN:84,delete
FNF:6
FNH:6
FNDA:29,getLocale
FNDA:29,request
FNDA:7,get
FNDA:20,post
FNDA:1,put
FNDA:1,delete
DA:9,12
DA:12,29
DA:13,29
DA:14,29
DA:15,0
DA:17,29
DA:18,29
DA:19,29
DA:21,0
DA:23,0
DA:32,29
DA:36,29
DA:37,29
DA:38,29
DA:41,29
DA:42,29
DA:43,1
DA:46,29
DA:47,21
DA:50,29
DA:56,29
DA:58,29
DA:59,11
DA:64,11
DA:65,11
DA:66,11
DA:69,18
DA:73,7
DA:77,20
DA:81,1
DA:85,1
DA:89,12
LF:32
LH:29
BRDA:14,0,0,0
BRDA:14,0,1,29
BRDA:14,1,0,29
BRDA:14,1,1,0
BRDA:14,1,2,0
BRDA:17,2,0,0
BRDA:17,2,1,29
BRDA:18,3,0,29
BRDA:18,3,1,0
BRDA:18,4,0,29
BRDA:18,4,1,29
BRDA:37,5,0,29
BRDA:37,5,1,0
BRDA:42,6,0,1
BRDA:42,6,1,28
BRDA:46,7,0,21
BRDA:46,7,1,8
BRDA:53,8,0,21
BRDA:53,8,1,8
BRDA:58,9,0,11
BRDA:58,9,1,18
BRDA:60,10,0,11
BRDA:60,10,1,1
BRDA:60,10,2,1
BRF:24
BRH:18
end_of_record
TN:
SF:resources/js/stores/auth.ts
FN:18,(anonymous_0)
FN:22,(anonymous_1)
FN:23,(anonymous_2)
FN:27,(anonymous_3)
FN:28,(anonymous_4)
FN:30,setSession
FN:35,clearSession
FN:40,register
FN:58,login
FN:83,verifyTotp
FN:92,verifyEmail
FN:103,logout
FNF:12
FNH:11
FNDA:35,(anonymous_0)
FNDA:14,(anonymous_1)
FNDA:63,(anonymous_2)
FNDA:16,(anonymous_3)
FNDA:12,(anonymous_4)
FNDA:2,setSession
FNDA:2,clearSession
FNDA:3,register
FNDA:6,login
FNDA:3,verifyTotp
FNDA:0,verifyEmail
FNDA:2,logout
DA:18,9
DA:19,35
DA:20,35
DA:22,14
DA:23,63
DA:27,35
DA:28,35
DA:31,2
DA:32,2
DA:36,2
DA:37,2
DA:46,3
DA:52,2
DA:62,6
DA:63,6
DA:64,2
DA:66,2
DA:72,4
DA:76,4
DA:77,2
DA:79,2
DA:84,3
DA:88,2
DA:89,2
DA:96,0
DA:100,0
DA:104,2
DA:107,35
LF:28
LH:26
BRDA:22,0,0,14
BRDA:22,0,1,0
BRDA:52,1,0,2
BRDA:52,1,1,0
BRDA:76,2,0,2
BRDA:76,2,1,2
BRDA:77,3,0,2
BRDA:77,3,1,1
BRF:8
BRH:6
end_of_record
