TN:
SF:resources/js/App.vue
FN:8,(anonymous_0)
FNF:1
FNH:1
FNDA:4,(anonymous_0)
DA:7,3
DA:8,4
DA:12,3
DA:16,2
LF:4
LH:4
BRDA:15,0,0,3
BRDA:15,0,1,0
BRF:2
BRH:1
end_of_record
TN:
SF:resources/js/app.ts
FN:18,createApplication
FNF:1
FNH:1
FNDA:2,createApplication
DA:19,2
DA:21,2
DA:22,2
DA:23,2
DA:24,2
DA:33,2
DA:35,2
DA:36,2
DA:37,2
DA:38,2
DA:39,2
DA:40,2
DA:41,2
DA:42,2
DA:44,2
DA:47,1
DA:48,1
LF:17
LH:17
BRF:0
BRH:0
end_of_record
TN:
SF:resources/js/prime-preset.ts
FNF:0
FNH:0
DA:4,10
DA:5,10
DA:7,10
LF:3
LH:3
BRDA:5,0,0,10
BRDA:5,0,1,0
BRDA:10,1,0,10
BRDA:10,1,1,0
BRDA:21,2,0,10
BRDA:21,2,1,0
BRDA:36,3,0,10
BRDA:36,3,1,0
BRDA:40,4,0,10
BRDA:40,4,1,0
BRDA:44,5,0,10
BRDA:44,5,1,0
BRDA:48,6,0,10
BRDA:48,6,1,0
BRF:14
BRH:7
end_of_record
TN:
SF:resources/js/components/AppLogo.vue
FNF:0
FNH:0
DA:8,11
LF:1
LH:1
BRDA:15,0,0,11
BRDA:15,0,1,11
BRF:2
BRH:2
end_of_record
TN:
SF:resources/js/components/LanguageSwitcher.vue
FN:13,select
FN:27,(anonymous_1)
FN:36,(anonymous_2)
FNF:3
FNH:3
FNDA:1,select
FNDA:36,(anonymous_1)
FNDA:1,(anonymous_2)
DA:5,15
DA:6,15
DA:8,15
DA:14,1
DA:15,1
DA:16,1
DA:21,18
DA:26,36
DA:36,1
LF:9
LH:9
BRDA:24,0,0,4
BRDA:24,0,1,14
BRDA:31,1,0,18
BRDA:31,1,1,18
BRDA:33,2,0,18
BRDA:33,2,1,18
BRF:6
BRH:6
end_of_record
TN:
SF:resources/js/components/MinimalismCard.vue
FNF:0
FNH:0
DA:10,56
DA:35,10
LF:2
LH:2
BRDA:16,0,0,56
BRDA:22,1,0,56
BRDA:22,1,1,0
BRDA:29,2,0,37
BRDA:29,2,1,19
BRDA:40,3,0,35
BRDA:40,3,1,21
BRF:7
BRH:6
end_of_record
TN:
SF:resources/js/components/TotpVerifyDialog.vue
FN:18,handleSubmit
FN:37,onHide
FN:73,(anonymous_2)
FN:78,(anonymous_3)
FN:81,(anonymous_4)
FNF:5
FNH:5
FNDA:2,handleSubmit
FNDA:1,onHide
FNDA:2,(anonymous_2)
FNDA:5,(anonymous_3)
FNDA:9,(anonymous_4)
DA:6,5
DA:8,5
DA:13,5
DA:14,5
DA:15,5
DA:16,5
DA:19,2
DA:20,2
DA:22,2
DA:23,2
DA:27,2
DA:28,2
DA:30,0
DA:31,0
DA:33,2
DA:38,1
DA:44,11
DA:52,1
DA:53,1
DA:65,1
DA:72,1
DA:73,2
DA:76,1
DA:78,5
DA:81,9
LF:25
LH:23
BRDA:31,0,0,0
BRDA:31,0,1,0
BRDA:31,0,2,0
BRDA:44,1,0,9
BRDA:59,2,0,9
BRDA:59,2,1,5
BRDA:67,3,0,0
BRDA:67,3,1,9
BRDA:73,4,0,9
BRDA:73,4,1,5
BRDA:80,5,0,9
BRDA:80,5,1,7
BRF:12
BRH:8
end_of_record
TN:
SF:resources/js/components/icons.ts
FNF:0
FNH:0
DA:1,7
LF:1
LH:1
BRF:0
BRH:0
end_of_record
TN:
SF:resources/js/composables/useFormErrors.ts
FN:9,useFormErrors
FN:14,setErrors
FN:15,(anonymous_2)
FN:46,clearErrors
FN:47,(anonymous_4)
FN:50,fieldError
FN:54,hasError
FNF:7
FNH:5
FNDA:13,useFormErrors
FNDA:3,setErrors
FNDA:0,(anonymous_2)
FNDA:7,clearErrors
FNDA:0,(anonymous_4)
FNDA:2,fieldError
FNDA:109,hasError
DA:10,13
DA:11,13
DA:12,13
DA:15,3
DA:17,3
DA:24,3
DA:25,2
DA:26,2
DA:29,2
DA:30,2
DA:37,1
DA:47,7
DA:51,2
DA:55,109
DA:58,13
LF:15
LH:15
BRDA:24,0,0,2
BRDA:24,0,1,1
BRDA:29,1,0,2
BRDA:29,1,1,0
BRDA:29,2,0,2
BRDA:29,2,1,0
BRDA:40,3,0,1
BRDA:40,3,1,0
BRDA:51,4,0,2
BRDA:51,4,1,0
BRF:10
BRH:6
end_of_record
TN:
SF:resources/js/i18n/en.ts
FNF:0
FNH:0
LF:0
LH:0
BRF:0
BRH:0
end_of_record
TN:
SF:resources/js/i18n/es.ts
FNF:0
FNH:0
LF:0
LH:0
BRF:0
BRH:0
end_of_record
TN:
SF:resources/js/i18n/index.ts
FN:8,detectLocale
FN:35,setLocale
FN:41,currentLocale
FNF:3
FNH:1
FNDA:1,detectLocale
FNDA:0,setLocale
FNDA:0,currentLocale
DA:6,1
DA:9,1
DA:12,1
DA:16,1
DA:17,0
DA:20,1
DA:23,1
DA:25,1
DA:36,0
DA:37,0
DA:38,0
DA:42,0
LF:12
LH:7
BRDA:9,0,0,0
BRDA:9,0,1,1
BRDA:12,1,0,1
BRDA:12,1,1,0
BRDA:12,2,0,1
BRDA:12,2,1,1
BRDA:16,3,0,0
BRDA:16,3,1,1
BRF:8
BRH:5
end_of_record
TN:
SF:resources/js/pages/DashboardPage.vue
FN:12,handleLogout
FN:29,(anonymous_1)
FN:30,(anonymous_2)
FNF:3
FNH:3
FNDA:1,handleLogout
FNDA:4,(anonymous_1)
FNDA:4,(anonymous_2)
DA:8,4
DA:9,4
DA:10,4
DA:13,1
DA:14,1
DA:19,8
DA:20,3
DA:21,3
DA:22,3
DA:24,3
DA:26,3
DA:28,3
DA:29,4
DA:30,4
DA:35,3
DA:37,3
DA:38,3
DA:39,3
DA:40,3
LF:19
LH:19
BRF:0
BRH:0
end_of_record
TN:
SF:resources/js/pages/HomePage.vue
FN:18,(anonymous_0)
FN:21,(anonymous_1)
FN:27,(anonymous_2)
FNF:3
FNH:3
FNDA:2,(anonymous_0)
FNDA:2,(anonymous_1)
FNDA:1,(anonymous_2)
DA:5,3
DA:6,3
DA:10,3
DA:13,3
DA:14,3
DA:18,2
DA:21,2
DA:27,1
LF:8
LH:8
BRDA:12,0,0,3
BRDA:12,0,1,3
BRDA:16,1,0,2
BRDA:16,1,1,1
BRF:4
BRH:4
end_of_record
TN:
SF:resources/js/pages/SettingsPage.vue
FN:42,formatDate
FN:47,(anonymous_1)
FN:65,saveProfile
FN:84,handlePhoto
FN:101,removeDevice
FN:106,(anonymous_5)
FN:115,deleteAccount
FN:125,handleLogout
FN:142,(anonymous_8)
FN:143,(anonymous_9)
FN:150,(anonymous_10)
FN:153,(anonymous_11)
FN:174,(anonymous_12)
FN:174,(anonymous_13)
FN:180,(anonymous_14)
FN:180,(anonymous_15)
FN:184,(anonymous_16)
FN:196,(anonymous_17)
FN:202,(anonymous_18)
FN:203,(anonymous_19)
FN:203,(anonymous_20)
FN:208,(anonymous_21)
FN:218,(anonymous_22)
FN:218,(anonymous_23)
FN:222,(anonymous_24)
FN:224,(anonymous_25)
FN:224,(anonymous_26)
FN:225,(anonymous_27)
FN:236,(anonymous_28)
FNF:29
FNH:12
FNDA:0,formatDate
FNDA:4,(anonymous_1)
FNDA:1,saveProfile
FNDA:0,handlePhoto
FNDA:0,removeDevice
FNDA:0,(anonymous_5)
FNDA:0,deleteAccount
FNDA:0,handleLogout
FNDA:4,(anonymous_8)
FNDA:4,(anonymous_9)
FNDA:36,(anonymous_10)
FNDA:2,(anonymous_11)
FNDA:8,(anonymous_12)
FNDA:0,(anonymous_13)
FNDA:8,(anonymous_14)
FNDA:0,(anonymous_15)
FNDA:6,(anonymous_16)
FNDA:1,(anonymous_17)
FNDA:0,(anonymous_18)
FNDA:0,(anonymous_19)
FNDA:1,(anonymous_20)
FNDA:2,(anonymous_21)
FNDA:0,(anonymous_22)
FNDA:0,(anonymous_23)
FNDA:0,(anonymous_24)
FNDA:0,(anonymous_25)
FNDA:0,(anonymous_26)
FNDA:0,(anonymous_27)
FNDA:0,(anonymous_28)
DA:12,4
DA:13,4
DA:14,4
DA:15,4
DA:17,4
DA:19,4
DA:20,4
DA:21,4
DA:22,4
DA:24,4
DA:25,4
DA:26,4
DA:27,4
DA:28,4
DA:40,4
DA:43,0
DA:44,0
DA:47,4
DA:48,4
DA:49,4
DA:53,4
DA:54,4
DA:55,4
DA:56,4
DA:57,4
DA:58,4
DA:59,4
DA:61,0
DA:66,1
DA:67,1
DA:68,1
DA:69,0
DA:70,0
DA:71,0
DA:72,0
DA:73,0
DA:74,0
DA:77,1
DA:78,1
DA:80,1
DA:85,0
DA:86,0
DA:88,0
DA:89,0
DA:91,0
DA:92,0
DA:93,0
DA:94,0
DA:95,0
DA:97,0
DA:102,0
DA:103,0
DA:104,0
DA:105,0
DA:106,0
DA:107,0
DA:108,0
DA:109,0
DA:111,0
DA:116,0
DA:117,0
DA:118,0
DA:119,0
DA:121,0
DA:126,0
DA:127,0
DA:132,9
DA:133,1
DA:134,1
DA:135,1
DA:137,1
DA:139,1
DA:141,1
DA:142,4
DA:143,4
DA:148,1
DA:149,1
DA:150,36
DA:153,2
DA:161,1
DA:163,1
DA:165,1
DA:171,1
DA:174,8
DA:175,1
DA:180,8
DA:181,1
DA:184,6
DA:190,1
DA:196,1
DA:198,1
DA:199,1
DA:202,0
DA:203,1
DA:208,2
DA:214,1
DA:215,1
DA:218,0
DA:222,0
DA:223,1
DA:224,0
DA:225,0
DA:232,1
DA:236,0
DA:240,1
DA:242,1
DA:243,1
LF:107
LH:66
BRDA:72,0,0,0
BRDA:72,0,1,0
BRDA:78,1,0,1
BRDA:78,1,1,1
BRDA:86,2,0,0
BRDA:86,2,1,0
BRDA:109,3,0,0
BRDA:109,3,1,0
BRDA:152,4,0,9
BRDA:152,4,1,27
BRDA:155,5,0,9
BRDA:155,5,1,27
BRDA:155,6,0,9
BRDA:155,6,1,18
BRDA:155,7,0,9
BRDA:155,7,1,9
BRDA:160,8,0,7
BRDA:174,9,0,8
BRDA:174,9,1,4
BRDA:180,10,0,8
BRDA:180,10,1,4
BRDA:184,11,0,1
BRDA:184,11,1,5
BRDA:189,12,0,2
BRDA:192,13,0,1
BRDA:192,13,1,1
BRDA:201,14,0,1
BRDA:202,15,0,1
BRDA:202,15,1,1
BRDA:213,16,0,0
BRDA:217,17,0,0
BRDA:217,17,1,0
BRDA:218,18,0,0
BRDA:218,18,1,0
BRDA:222,19,0,0
BRDA:222,19,1,0
BRDA:224,20,0,0
BRDA:224,20,1,0
BRDA:231,21,0,0
BRDA:234,22,0,0
BRDA:234,22,1,0
BRDA:237,23,0,0
BRDA:237,23,1,0
BRDA:238,24,0,0
BRDA:238,24,1,0
BRDA:240,25,0,0
BRDA:240,25,1,0
BRDA:241,26,0,0
BRDA:241,26,1,0
BRDA:242,27,0,0
BRDA:242,27,1,0
BRDA:242,27,2,0
BRF:52
BRH:23
end_of_record
TN:
SF:resources/js/pages/auth/ConfirmEmailPage.vue
FN:21,(anonymous_0)
FN:32,handleSubmit
FN:44,(anonymous_2)
FN:65,(anonymous_3)
FN:69,(anonymous_4)
FN:80,(anonymous_5)
FN:102,(anonymous_6)
FN:106,(anonymous_7)
FN:100,(anonymous_8)
FN:93,(anonymous_9)
FN:93,(anonymous_10)
FNF:11
FNH:10
FNDA:4,(anonymous_0)
FNDA:2,handleSubmit
FNDA:0,(anonymous_2)
FNDA:1,(anonymous_3)
FNDA:1,(anonymous_4)
FNDA:1,(anonymous_5)
FNDA:7,(anonymous_6)
FNDA:4,(anonymous_7)
FNDA:7,(anonymous_8)
FNDA:6,(anonymous_9)
FNDA:2,(anonymous_10)
DA:9,4
DA:10,4
DA:11,4
DA:12,4
DA:14,4
DA:15,4
DA:16,4
DA:17,4
DA:18,4
DA:19,4
DA:21,4
DA:22,4
DA:23,4
DA:26,3
DA:28,1
DA:33,2
DA:34,2
DA:36,2
DA:37,2
DA:41,1
DA:42,1
DA:44,1
DA:45,0
DA:51,1
DA:53,2
DA:59,6
DA:69,1
DA:80,1
DA:93,6
DA:94,1
DA:100,7
DA:106,7
LF:32
LH:31
BRDA:26,0,0,3
BRDA:26,0,1,3
BRDA:59,1,0,1
BRDA:59,1,1,5
BRDA:59,2,0,6
BRDA:59,2,1,1
BRDA:59,2,2,1
BRDA:74,3,0,1
BRDA:74,3,1,4
BRDA:93,4,0,6
BRDA:93,4,1,4
BRDA:96,5,0,0
BRDA:96,5,1,7
BRDA:99,6,0,2
BRDA:99,6,1,5
BRF:15
BRH:14
end_of_record
TN:
SF:resources/js/pages/auth/LoginPage.vue
FN:18,handleSubmit
FN:65,(anonymous_1)
FN:67,(anonymous_2)
FN:63,(anonymous_3)
FN:48,(anonymous_4)
FN:48,(anonymous_5)
FN:56,(anonymous_6)
FN:56,(anonymous_7)
FNF:8
FNH:8
FNDA:3,handleSubmit
FNDA:11,(anonymous_1)
FNDA:5,(anonymous_2)
FNDA:11,(anonymous_3)
FNDA:9,(anonymous_4)
FNDA:3,(anonymous_5)
FNDA:8,(anonymous_6)
FNDA:3,(anonymous_7)
DA:9,5
DA:10,5
DA:11,5
DA:12,5
DA:14,5
DA:15,5
DA:16,5
DA:19,3
DA:20,3
DA:22,3
DA:23,3
DA:25,2
DA:26,1
DA:27,1
DA:28,1
DA:31,1
DA:33,1
DA:35,3
DA:41,5
DA:48,9
DA:49,2
DA:56,8
DA:57,2
DA:63,11
DA:66,11
DA:67,5
LF:26
LH:26
BRDA:25,0,0,1
BRDA:25,0,1,1
BRDA:26,1,0,1
BRDA:26,1,1,0
BRDA:48,2,0,9
BRDA:48,2,1,5
BRDA:51,3,0,1
BRDA:51,3,1,10
BRDA:56,4,0,8
BRDA:56,4,1,5
BRDA:59,5,0,0
BRDA:59,5,1,11
BRDA:62,6,0,3
BRDA:62,6,1,8
BRF:14
BRH:12
end_of_record
TN:
SF:resources/js/pages/auth/RegisterPage.vue
FN:20,handleSubmit
FN:76,(anonymous_1)
FN:78,(anonymous_2)
FN:74,(anonymous_3)
FN:43,(anonymous_4)
FN:43,(anonymous_5)
FN:51,(anonymous_6)
FN:51,(anonymous_7)
FN:59,(anonymous_8)
FN:59,(anonymous_9)
FN:67,(anonymous_10)
FN:67,(anonymous_11)
FNF:12
FNH:12
FNDA:2,handleSubmit
FNDA:8,(anonymous_1)
FNDA:4,(anonymous_2)
FNDA:8,(anonymous_3)
FNDA:6,(anonymous_4)
FNDA:2,(anonymous_5)
FNDA:7,(anonymous_6)
FNDA:2,(anonymous_7)
FNDA:6,(anonymous_8)
FNDA:2,(anonymous_9)
FNDA:6,(anonymous_10)
FNDA:2,(anonymous_11)
DA:9,4
DA:10,4
DA:11,4
DA:12,4
DA:14,4
DA:15,4
DA:16,4
DA:17,4
DA:18,4
DA:21,2
DA:22,2
DA:24,2
DA:25,2
DA:26,1
DA:28,1
DA:30,2
DA:36,4
DA:43,6
DA:44,1
DA:51,7
DA:52,1
DA:59,6
DA:60,1
DA:67,6
DA:68,1
DA:74,8
DA:77,8
DA:78,4
LF:28
LH:28
BRDA:43,0,0,6
BRDA:43,0,1,4
BRDA:46,1,0,0
BRDA:46,1,1,8
BRDA:51,2,0,7
BRDA:51,2,1,4
BRDA:54,3,0,1
BRDA:54,3,1,7
BRDA:59,4,0,6
BRDA:59,4,1,4
BRDA:62,5,0,0
BRDA:62,5,1,8
BRDA:67,6,0,6
BRDA:67,6,1,4
BRDA:70,7,0,0
BRDA:70,7,1,8
BRDA:73,8,0,2
BRDA:73,8,1,6
BRF:18
BRH:15
end_of_record
TN:
SF:resources/js/pages/auth/TotpSetupPage.vue
FN:26,randomBase32
FN:47,generateQR
FN:52,(anonymous_2)
FN:100,confirmSetup
FN:121,(anonymous_4)
FN:146,(anonymous_5)
FN:158,(anonymous_6)
FN:158,(anonymous_7)
FN:164,(anonymous_8)
FN:176,(anonymous_9)
FNF:10
FNH:0
FNDA:0,randomBase32
FNDA:0,generateQR
FNDA:0,(anonymous_2)
FNDA:0,confirmSetup
FNDA:0,(anonymous_4)
FNDA:0,(anonymous_5)
FNDA:0,(anonymous_6)
FNDA:0,(anonymous_7)
FNDA:0,(anonymous_8)
FNDA:0,(anonymous_9)
DA:9,0
DA:10,0
DA:11,0
DA:13,0
DA:14,0
DA:15,0
DA:16,0
DA:17,0
DA:18,0
DA:19,0
DA:20,0
DA:21,0
DA:23,0
DA:24,0
DA:27,0
DA:28,0
DA:29,0
DA:30,0
DA:31,0
DA:32,0
DA:33,0
DA:34,0
DA:35,0
DA:36,0
DA:37,0
DA:38,0
DA:41,0
DA:42,0
DA:44,0
DA:48,0
DA:49,0
DA:52,0
DA:53,0
DA:54,0
DA:55,0
DA:56,0
DA:59,0
DA:60,0
DA:61,0
DA:62,0
DA:64,0
DA:69,0
DA:70,0
DA:71,0
DA:73,0
DA:74,0
DA:76,0
DA:78,0
DA:79,0
DA:81,0
DA:83,0
DA:84,0
DA:86,0
DA:88,0
DA:90,0
DA:92,0
DA:93,0
DA:94,0
DA:96,0
DA:101,0
DA:102,0
DA:104,0
DA:105,0
DA:107,0
DA:117,0
DA:118,0
DA:120,0
DA:121,0
DA:123,0
DA:124,0
DA:126,0
DA:132,0
DA:146,0
DA:148,0
DA:149,0
DA:156,0
DA:158,0
DA:159,0
DA:163,0
DA:164,0
DA:176,0
LF:81
LH:0
BRDA:13,0,0,0
BRDA:13,0,1,0
BRDA:14,1,0,0
BRDA:14,1,1,0
BRDA:41,2,0,0
BRDA:41,2,1,0
BRDA:53,3,0,0
BRDA:53,3,1,0
BRDA:62,4,0,0
BRDA:62,4,1,0
BRDA:83,5,0,0
BRDA:83,5,1,0
BRDA:93,6,0,0
BRDA:93,6,1,0
BRDA:93,6,2,0
BRDA:114,7,0,0
BRDA:114,7,1,0
BRDA:124,8,0,0
BRDA:124,8,1,0
BRDA:124,8,2,0
BRDA:132,9,0,0
BRDA:132,9,1,0
BRDA:132,10,0,0
BRDA:132,10,1,0
BRDA:140,11,0,0
BRDA:140,11,1,0
BRDA:146,12,0,0
BRDA:152,13,0,0
BRDA:152,13,1,0
BRDA:158,14,0,0
BRDA:158,14,1,0
BRDA:164,15,0,0
BRDA:164,15,1,0
BRDA:167,16,0,0
BRDA:167,16,1,0
BRDA:167,17,0,0
BRDA:167,17,1,0
BRDA:171,18,0,0
BRF:38
BRH:0
end_of_record
TN:
SF:resources/js/pages/auth/TotpVerifyPage.vue
FN:18,handleSubmit
FN:42,(anonymous_1)
FN:45,(anonymous_2)
FNF:3
FNH:3
FNDA:2,handleSubmit
FNDA:20,(anonymous_1)
FNDA:12,(anonymous_2)
DA:8,4
DA:9,4
DA:10,4
DA:11,4
DA:13,4
DA:14,4
DA:15,4
DA:16,4
DA:19,2
DA:20,2
DA:22,2
DA:23,2
DA:24,1
DA:26,1
DA:27,1
DA:29,2
DA:35,4
DA:42,20
DA:44,1
DA:45,12
LF:20
LH:20
BRDA:13,0,0,4
BRDA:13,0,1,0
BRDA:27,1,0,1
BRDA:27,1,1,0
BRDA:27,1,2,0
BRDA:40,2,0,1
BRDA:40,2,1,19
BRDA:45,3,0,20
BRDA:45,3,1,4
BRDA:48,4,0,20
BRDA:48,4,1,18
BRDA:48,5,0,2
BRDA:48,5,1,18
BRF:13
BRH:10
end_of_record
TN:
SF:resources/js/pages/auth/VerifyEmailPage.vue
FN:19,(anonymous_0)
FN:25,resendEmail
FN:74,(anonymous_2)
FN:79,(anonymous_3)
FN:58,(anonymous_4)
FNF:5
FNH:5
FNDA:4,(anonymous_0)
FNDA:2,resendEmail
FNDA:8,(anonymous_2)
FNDA:4,(anonymous_3)
FNDA:8,(anonymous_4)
DA:9,4
DA:10,4
DA:11,4
DA:12,4
DA:14,4
DA:15,4
DA:16,4
DA:17,4
DA:19,4
DA:20,4
DA:21,0
DA:26,2
DA:28,2
DA:29,2
DA:30,2
DA:32,2
DA:33,2
DA:37,1
DA:39,1
DA:40,1
DA:42,2
DA:48,4
DA:58,8
DA:75,8
DA:79,4
LF:25
LH:24
BRDA:14,0,0,4
BRDA:14,0,1,2
BRDA:20,1,0,0
BRDA:20,1,1,4
BRDA:20,2,0,4
BRDA:20,2,1,0
BRDA:26,3,0,0
BRDA:26,3,1,2
BRDA:37,4,0,1
BRDA:37,4,1,0
BRDA:40,5,0,1
BRDA:40,5,1,0
BRDA:40,5,2,0
BRDA:54,6,0,1
BRDA:54,6,1,7
BRDA:61,7,0,1
BRDA:61,7,1,7
BRDA:70,8,0,2
BRDA:70,8,1,6
BRF:19
BRH:13
end_of_record
TN:
SF:resources/js/router/index.ts
FN:24,(anonymous_0)
FN:30,(anonymous_1)
FN:35,(anonymous_2)
FN:41,(anonymous_3)
FN:46,(anonymous_4)
FN:51,(anonymous_5)
FN:56,(anonymous_6)
FN:61,(anonymous_7)
FNF:8
FNH:2
FNDA:0,(anonymous_0)
FNDA:0,(anonymous_1)
FNDA:2,(anonymous_2)
FNDA:0,(anonymous_3)
FNDA:0,(anonymous_4)
FNDA:0,(anonymous_5)
FNDA:0,(anonymous_6)
FNDA:5,(anonymous_7)
DA:6,2
DA:24,0
DA:30,0
DA:35,2
DA:41,0
DA:46,0
DA:51,0
DA:56,0
DA:61,2
DA:62,5
DA:64,5
DA:65,2
DA:68,3
DA:69,1
DA:72,2
DA:73,0
LF:16
LH:9
BRDA:64,0,0,2
BRDA:64,0,1,3
BRDA:65,1,0,0
BRDA:65,1,1,2
BRDA:68,2,0,1
BRDA:68,2,1,2
BRDA:68,3,0,3
BRDA:68,3,1,1
BRDA:72,4,0,0
BRDA:72,4,1,2
BRDA:72,5,0,2
BRDA:72,5,1,2
BRF:12
BRH:10
end_of_record
TN:
SF:resources/js/services/api.ts
FN:11,getLocale
FN:27,request
FN:72,get
FN:76,post
FN:80,put
FN:84,delete
FNF:6
FNH:6
FNDA:40,getLocale
FNDA:40,request
FNDA:17,get
FNDA:20,post
FNDA:2,put
FNDA:1,delete
DA:9,13
DA:12,40
DA:13,40
DA:14,40
DA:15,1
DA:17,39
DA:18,39
DA:19,38
DA:21,1
DA:23,0
DA:32,40
DA:36,40
DA:37,40
DA:38,40
DA:41,40
DA:42,40
DA:43,10
DA:46,40
DA:47,22
DA:50,40
DA:56,40
DA:58,39
DA:59,11
DA:64,11
DA:65,11
DA:66,11
DA:69,28
DA:73,17
DA:77,20
DA:81,2
DA:85,1
DA:89,13
LF:32
LH:31
BRDA:14,0,0,1
BRDA:14,0,1,39
BRDA:14,1,0,40
BRDA:14,1,1,1
BRDA:14,1,2,1
BRDA:17,2,0,0
BRDA:17,2,1,39
BRDA:18,3,0,38
BRDA:18,3,1,1
BRDA:18,4,0,39
BRDA:18,4,1,38
BRDA:37,5,0,40
BRDA:37,5,1,0
BRDA:42,6,0,10
BRDA:42,6,1,30
BRDA:46,7,0,22
BRDA:46,7,1,18
BRDA:53,8,0,22
BRDA:53,8,1,18
BRDA:58,9,0,11
BRDA:58,9,1,28
BRDA:60,10,0,11
BRDA:60,10,1,1
BRDA:60,10,2,1
BRF:24
BRH:22
end_of_record
TN:
SF:resources/js/stores/auth.ts
FN:18,(anonymous_0)
FN:22,(anonymous_1)
FN:23,(anonymous_2)
FN:27,(anonymous_3)
FN:28,(anonymous_4)
FN:30,setSession
FN:35,clearSession
FN:40,register
FN:58,login
FN:83,verifyTotp
FN:92,verifyEmail
FN:103,logout
FNF:12
FNH:11
FNDA:39,(anonymous_0)
FNDA:18,(anonymous_1)
FNDA:71,(anonymous_2)
FNDA:18,(anonymous_3)
FNDA:16,(anonymous_4)
FNDA:2,setSession
FNDA:2,clearSession
FNDA:3,register
FNDA:6,login
FNDA:3,verifyTotp
FNDA:0,verifyEmail
FNDA:2,logout
DA:18,10
DA:19,39
DA:20,39
DA:22,18
DA:23,71
DA:27,39
DA:28,39
DA:31,2
DA:32,2
DA:36,2
DA:37,2
DA:46,3
DA:52,2
DA:62,6
DA:63,6
DA:64,2
DA:66,2
DA:72,4
DA:76,4
DA:77,2
DA:79,2
DA:84,3
DA:88,2
DA:89,2
DA:96,0
DA:100,0
DA:104,2
DA:107,39
LF:28
LH:26
BRDA:22,0,0,18
BRDA:22,0,1,0
BRDA:52,1,0,2
BRDA:52,1,1,0
BRDA:76,2,0,2
BRDA:76,2,1,2
BRDA:77,3,0,2
BRDA:77,3,1,1
BRF:8
BRH:6
end_of_record
